Determining if the pthread_create exist failed with the following output:
Change Dir: /home/picy/ws_moveit/build/CMakeFiles/CMakeTmp

Run Build Command:"/usr/bin/make" "cmTC_0d9b2/fast"
/usr/bin/make -f CMakeFiles/cmTC_0d9b2.dir/build.make CMakeFiles/cmTC_0d9b2.dir/build
make[1]: Entering directory '/home/picy/ws_moveit/build/CMakeFiles/CMakeTmp'
Building C object CMakeFiles/cmTC_0d9b2.dir/CheckSymbolExists.c.o
/usr/bin/cc     -o CMakeFiles/cmTC_0d9b2.dir/CheckSymbolExists.c.o   -c /home/picy/ws_moveit/build/CMakeFiles/CMakeTmp/CheckSymbolExists.c
Linking C executable cmTC_0d9b2
/usr/bin/cmake -E cmake_link_script CMakeFiles/cmTC_0d9b2.dir/link.txt --verbose=1
/usr/bin/cc       CMakeFiles/cmTC_0d9b2.dir/CheckSymbolExists.c.o  -o cmTC_0d9b2 -rdynamic 
CMakeFiles/cmTC_0d9b2.dir/CheckSymbolExists.c.o：在函数‘main’中：
CheckSymbolExists.c:(.text+0x16)：对‘pthread_create’未定义的引用
collect2: error: ld returned 1 exit status
CMakeFiles/cmTC_0d9b2.dir/build.make:97: recipe for target 'cmTC_0d9b2' failed
make[1]: *** [cmTC_0d9b2] Error 1
make[1]: Leaving directory '/home/picy/ws_moveit/build/CMakeFiles/CMakeTmp'
Makefile:126: recipe for target 'cmTC_0d9b2/fast' failed
make: *** [cmTC_0d9b2/fast] Error 2

File /home/picy/ws_moveit/build/CMakeFiles/CMakeTmp/CheckSymbolExists.c:
/* */
#include <pthread.h>

int main(int argc, char** argv)
{
  (void)argv;
#ifndef pthread_create
  return ((int*)(&pthread_create))[argc];
#else
  (void)argc;
  return 0;
#endif
}

Determining if the function pthread_create exists in the pthreads failed with the following output:
Change Dir: /home/picy/ws_moveit/build/CMakeFiles/CMakeTmp

Run Build Command:"/usr/bin/make" "cmTC_07f84/fast"
/usr/bin/make -f CMakeFiles/cmTC_07f84.dir/build.make CMakeFiles/cmTC_07f84.dir/build
make[1]: Entering directory '/home/picy/ws_moveit/build/CMakeFiles/CMakeTmp'
Building C object CMakeFiles/cmTC_07f84.dir/CheckFunctionExists.c.o
/usr/bin/cc    -DCHECK_FUNCTION_EXISTS=pthread_create   -o CMakeFiles/cmTC_07f84.dir/CheckFunctionExists.c.o   -c /usr/share/cmake-3.5/Modules/CheckFunctionExists.c
Linking C executable cmTC_07f84
/usr/bin/cmake -E cmake_link_script CMakeFiles/cmTC_07f84.dir/link.txt --verbose=1
/usr/bin/cc   -DCHECK_FUNCTION_EXISTS=pthread_create    CMakeFiles/cmTC_07f84.dir/CheckFunctionExists.c.o  -o cmTC_07f84 -rdynamic -lpthreads 
/usr/bin/ld: 找不到 -lpthreads
collect2: error: ld returned 1 exit status
CMakeFiles/cmTC_07f84.dir/build.make:97: recipe for target 'cmTC_07f84' failed
make[1]: *** [cmTC_07f84] Error 1
make[1]: Leaving directory '/home/picy/ws_moveit/build/CMakeFiles/CMakeTmp'
Makefile:126: recipe for target 'cmTC_07f84/fast' failed
make: *** [cmTC_07f84/fast] Error 2


